c:\mobilerobots\aria\examples\pioneerbv\pioneerbv\release\pioneerbv.bsc
c:\mobilerobots\aria\examples\pioneerbv\pioneerbv\release\pioneerbv.pch
c:\mobilerobots\aria\examples\pioneerbv\pioneerbv\release\vc120.pdb
c:\mobilerobots\aria\examples\pioneerbv\pioneerbv\release\stdafx.sbr
c:\mobilerobots\aria\examples\pioneerbv\pioneerbv\release\stdafx.obj
c:\mobilerobots\aria\examples\pioneerbv\pioneerbv\release\camera.sbr
c:\mobilerobots\aria\examples\pioneerbv\pioneerbv\release\image.sbr
c:\mobilerobots\aria\examples\pioneerbv\pioneerbv\release\pioneerbv.sbr
c:\mobilerobots\aria\examples\pioneerbv\pioneerbv\release\pioneerbvdlg.sbr
c:\mobilerobots\aria\examples\pioneerbv\pioneerbv\release\shared_memory.sbr
c:\mobilerobots\aria\examples\pioneerbv\pioneerbv\release\thread.sbr
c:\mobilerobots\aria\examples\pioneerbv\pioneerbv\release\thread.obj
c:\mobilerobots\aria\examples\pioneerbv\pioneerbv\release\shared_memory.obj
c:\mobilerobots\aria\examples\pioneerbv\pioneerbv\release\pioneerbvdlg.obj
c:\mobilerobots\aria\examples\pioneerbv\pioneerbv\release\pioneerbv.obj
c:\mobilerobots\aria\examples\pioneerbv\pioneerbv\release\image.obj
c:\mobilerobots\aria\examples\pioneerbv\pioneerbv\release\camera.obj
c:\mobilerobots\aria\examples\pioneerbv\pioneerbv\release\pioneerbv.exe
c:\mobilerobots\aria\examples\pioneerbv\pioneerbv\release\pioneerbv.res
u:\ts\pioneerbv\pioneerbv\release\camera.obj
u:\ts\pioneerbv\pioneerbv\release\image.obj
u:\ts\pioneerbv\pioneerbv\release\pioneerbv.obj
u:\ts\pioneerbv\pioneerbv\release\pioneerbvdlg.obj
u:\ts\pioneerbv\pioneerbv\release\shared_memory.obj
u:\ts\pioneerbv\pioneerbv\release\stdafx.obj
u:\ts\pioneerbv\pioneerbv\release\thread.obj
u:\ts\pioneerbv\pioneerbv\release\pioneerbv.res
u:\ts\pioneerbv\pioneerbv\release\pioneerbv.pch
u:\ts\pioneerbv\pioneerbv\release\vc120.pdb
u:\ts\pioneerbv\pioneerbv\release\pioneerbv.bsc
u:\ts\pioneerbv\pioneerbv\release\camera.sbr
u:\ts\pioneerbv\pioneerbv\release\image.sbr
u:\ts\pioneerbv\pioneerbv\release\pioneerbv.sbr
u:\ts\pioneerbv\pioneerbv\release\pioneerbvdlg.sbr
u:\ts\pioneerbv\pioneerbv\release\shared_memory.sbr
u:\ts\pioneerbv\pioneerbv\release\stdafx.sbr
u:\ts\pioneerbv\pioneerbv\release\thread.sbr
u:\ts\pioneerbv\pioneerbv\release\pioneerbv.exe
u:\ts\pioneerbv\pioneerbv\release\pioneerbv.tlog\bscmake.command.1.tlog
u:\ts\pioneerbv\pioneerbv\release\pioneerbv.tlog\bscmake.read.1.tlog
u:\ts\pioneerbv\pioneerbv\release\pioneerbv.tlog\bscmake.write.1.tlog
u:\ts\pioneerbv\pioneerbv\release\pioneerbv.tlog\cl.command.1.tlog
u:\ts\pioneerbv\pioneerbv\release\pioneerbv.tlog\cl.read.1.tlog
u:\ts\pioneerbv\pioneerbv\release\pioneerbv.tlog\cl.write.1.tlog
u:\ts\pioneerbv\pioneerbv\release\pioneerbv.tlog\link.command.1.tlog
u:\ts\pioneerbv\pioneerbv\release\pioneerbv.tlog\link.read.1.tlog
u:\ts\pioneerbv\pioneerbv\release\pioneerbv.tlog\link.write.1.tlog
u:\ts\pioneerbv\pioneerbv\release\pioneerbv.tlog\rc.command.1.tlog
u:\ts\pioneerbv\pioneerbv\release\pioneerbv.tlog\rc.read.1.tlog
u:\ts\pioneerbv\pioneerbv\release\pioneerbv.tlog\rc.write.1.tlog
